mode: set
github.com/rodkranz/fetch/client.go:25.32,30.2 1 1
github.com/rodkranz/fetch/client.go:33.26,35.2 1 1
github.com/rodkranz/fetch/client.go:38.33,39.36 1 1
github.com/rodkranz/fetch/client.go:43.2,48.3 1 1
github.com/rodkranz/fetch/client.go:39.36,41.3 1 1
github.com/rodkranz/fetch/client.go:52.31,53.16 1 1
github.com/rodkranz/fetch/client.go:57.2,57.26 1 1
github.com/rodkranz/fetch/client.go:61.2,67.3 1 1
github.com/rodkranz/fetch/client.go:53.16,55.3 1 1
github.com/rodkranz/fetch/client.go:57.26,59.3 1 1
github.com/rodkranz/fetch/client.go:77.33,78.28 1 1
github.com/rodkranz/fetch/client.go:82.2,83.10 2 1
github.com/rodkranz/fetch/client.go:78.28,80.3 1 1
github.com/rodkranz/fetch/client.go:87.80,88.17 1 1
github.com/rodkranz/fetch/client.go:95.2,95.39 1 1
github.com/rodkranz/fetch/client.go:88.17,93.3 1 1
github.com/rodkranz/fetch/client.go:99.58,100.28 1 1
github.com/rodkranz/fetch/client.go:104.2,104.41 1 1
github.com/rodkranz/fetch/client.go:100.28,102.3 1 1
github.com/rodkranz/fetch/client.go:108.70,110.16 2 1
github.com/rodkranz/fetch/client.go:114.2,114.18 1 1
github.com/rodkranz/fetch/client.go:110.16,112.3 1 1
github.com/rodkranz/fetch/client.go:118.71,120.16 2 1
github.com/rodkranz/fetch/client.go:124.2,124.18 1 1
github.com/rodkranz/fetch/client.go:120.16,122.3 1 1
github.com/rodkranz/fetch/client.go:128.70,130.16 2 1
github.com/rodkranz/fetch/client.go:134.2,134.18 1 1
github.com/rodkranz/fetch/client.go:130.16,132.3 1 1
github.com/rodkranz/fetch/client.go:138.73,140.16 2 1
github.com/rodkranz/fetch/client.go:143.2,143.18 1 1
github.com/rodkranz/fetch/client.go:140.16,142.3 1 1
github.com/rodkranz/fetch/client.go:147.72,149.16 2 1
github.com/rodkranz/fetch/client.go:152.2,152.18 1 1
github.com/rodkranz/fetch/client.go:149.16,151.3 1 1
github.com/rodkranz/fetch/client.go:156.74,158.16 2 1
github.com/rodkranz/fetch/client.go:161.2,161.18 1 1
github.com/rodkranz/fetch/client.go:158.16,160.3 1 1
github.com/rodkranz/fetch/client.go:165.90,166.28 1 1
github.com/rodkranz/fetch/client.go:170.2,170.55 1 1
github.com/rodkranz/fetch/client.go:166.28,168.3 1 1
github.com/rodkranz/fetch/client.go:174.102,176.16 2 1
github.com/rodkranz/fetch/client.go:180.2,180.34 1 1
github.com/rodkranz/fetch/client.go:176.16,178.3 1 1
github.com/rodkranz/fetch/client.go:184.103,186.16 2 1
github.com/rodkranz/fetch/client.go:190.2,190.34 1 1
github.com/rodkranz/fetch/client.go:186.16,188.3 1 1
github.com/rodkranz/fetch/client.go:194.102,196.16 2 1
github.com/rodkranz/fetch/client.go:199.2,199.34 1 1
github.com/rodkranz/fetch/client.go:196.16,198.3 1 1
github.com/rodkranz/fetch/client.go:203.105,205.16 2 1
github.com/rodkranz/fetch/client.go:209.2,209.34 1 1
github.com/rodkranz/fetch/client.go:205.16,207.3 1 1
github.com/rodkranz/fetch/client.go:213.104,215.16 2 1
github.com/rodkranz/fetch/client.go:218.2,218.34 1 1
github.com/rodkranz/fetch/client.go:215.16,217.3 1 1
github.com/rodkranz/fetch/client.go:222.106,224.16 2 1
github.com/rodkranz/fetch/client.go:227.2,227.34 1 1
github.com/rodkranz/fetch/client.go:224.16,226.3 1 1
github.com/rodkranz/fetch/reader.go:14.53,16.2 1 1
github.com/rodkranz/fetch/reader.go:22.51,24.16 2 1
github.com/rodkranz/fetch/reader.go:28.2,28.49 1 1
github.com/rodkranz/fetch/reader.go:24.16,26.3 1 1
github.com/rodkranz/fetch/response.go:20.39,22.2 1 1
github.com/rodkranz/fetch/response.go:25.50,27.22 1 1
github.com/rodkranz/fetch/response.go:32.2,32.49 1 1
github.com/rodkranz/fetch/response.go:36.2,37.20 2 1
github.com/rodkranz/fetch/response.go:27.22,29.3 1 1
github.com/rodkranz/fetch/response.go:32.49,34.3 1 1
github.com/rodkranz/fetch/response.go:42.40,43.31 1 1
github.com/rodkranz/fetch/response.go:44.27,45.12 1 1
github.com/rodkranz/fetch/response.go:46.18,47.21 1 0
github.com/rodkranz/fetch/response.go:48.10,49.20 1 1
github.com/rodkranz/fetch/response.go:54.47,56.16 2 1
github.com/rodkranz/fetch/response.go:60.2,60.24 1 1
github.com/rodkranz/fetch/response.go:56.16,58.3 1 1
github.com/rodkranz/fetch/response.go:64.48,66.16 2 1
github.com/rodkranz/fetch/response.go:70.2,70.32 1 1
github.com/rodkranz/fetch/response.go:66.16,68.3 1 1
github.com/rodkranz/fetch/response.go:75.77,82.2 1 1
github.com/rodkranz/fetch/tools.go:4.43,6.2 1 1
github.com/rodkranz/fetch/tools.go:9.42,10.14 1 1
github.com/rodkranz/fetch/tools.go:14.2,14.10 1 1
github.com/rodkranz/fetch/tools.go:10.14,12.3 1 1
